/*C6*/SET SCHEMA PUBLIC
INSERT INTO USERDETAILS VALUES(8,'Riya','Singh Banerjee','riyaswattick@gmail.com','1234')
COMMIT
DISCONNECT
/*C7*/SET SCHEMA PUBLIC
DISCONNECT
/*C4*/SET SCHEMA PUBLIC
DISCONNECT
/*C5*/SET SCHEMA PUBLIC
DISCONNECT
/*C8*/SET SCHEMA PUBLIC
DISCONNECT
/*C9*/SET SCHEMA PUBLIC
DISCONNECT
/*C10*/SET SCHEMA PUBLIC
DISCONNECT
/*C11*/SET SCHEMA PUBLIC
DISCONNECT
/*C12*/SET SCHEMA PUBLIC
DISCONNECT
/*C13*/SET SCHEMA PUBLIC
DISCONNECT
/*C14*/SET SCHEMA PUBLIC
DISCONNECT
/*C15*/SET SCHEMA PUBLIC
DISCONNECT
/*C16*/SET SCHEMA PUBLIC
DISCONNECT
/*C17*/SET SCHEMA PUBLIC
DISCONNECT
/*C18*/SET SCHEMA PUBLIC
DISCONNECT
/*C19*/SET SCHEMA PUBLIC
DISCONNECT
/*C20*/SET SCHEMA PUBLIC
DISCONNECT
/*C21*/SET SCHEMA PUBLIC
DISCONNECT
/*C22*/SET SCHEMA PUBLIC
DISCONNECT
/*C23*/SET SCHEMA PUBLIC
DISCONNECT
/*C24*/SET SCHEMA PUBLIC
DISCONNECT
/*C27*/SET SCHEMA PUBLIC
INSERT INTO USERDETAILS VALUES(9,'Tutun','Mondal','fjw!@lknlkwfk','1234')
COMMIT
DISCONNECT
/*C28*/SET SCHEMA PUBLIC
DISCONNECT
/*C26*/SET SCHEMA PUBLIC
DISCONNECT
/*C25*/SET SCHEMA PUBLIC
DISCONNECT
/*C29*/SET SCHEMA PUBLIC
DISCONNECT
/*C30*/SET SCHEMA PUBLIC
DELETE FROM USERDETAILS WHERE SL_NO=5 AND FIRSTNAME='Arunabha' AND LASTNAME='Mondal' AND EMAIL='arunabhamondal1@gmail.com' AND PASSWORD='123321'
COMMIT
DISCONNECT
/*C31*/SET SCHEMA PUBLIC
DISCONNECT
/*C32*/SET SCHEMA PUBLIC
DELETE FROM USERDETAILS WHERE SL_NO=2 AND FIRSTNAME='Swayam' AND LASTNAME='Nayak' AND EMAIL='swayamnayak2007@gmail.com' AND PASSWORD='Swayam@2007'
COMMIT
DISCONNECT
/*C33*/SET SCHEMA PUBLIC
DISCONNECT
/*C34*/SET SCHEMA PUBLIC
DELETE FROM USERDETAILS WHERE SL_NO=7 AND FIRSTNAME='Dani' AND LASTNAME='Daniels' AND EMAIL='dd@brazzres.com' AND PASSWORD='Dani@1'
COMMIT
DISCONNECT
/*C35*/SET SCHEMA PUBLIC
DISCONNECT
/*C36*/SET SCHEMA PUBLIC
DELETE FROM USERDETAILS WHERE SL_NO=6 AND FIRSTNAME='Test' AND LASTNAME='Test' AND EMAIL='test@test.com' AND PASSWORD='Test'
COMMIT
DISCONNECT
/*C37*/SET SCHEMA PUBLIC
DISCONNECT
/*C38*/SET SCHEMA PUBLIC
DELETE FROM USERDETAILS WHERE SL_NO=3 AND FIRSTNAME='Shell' AND LASTNAME='Corporate' AND EMAIL='mohankumar.baskaran@wipro.com' AND PASSWORD='Mohan@1'
COMMIT
DISCONNECT
/*C39*/SET SCHEMA PUBLIC
DISCONNECT
/*C40*/SET SCHEMA PUBLIC
DELETE FROM USERDETAILS WHERE SL_NO=8 AND FIRSTNAME='Riya' AND LASTNAME='Singh Banerjee' AND EMAIL='riyaswattick@gmail.com' AND PASSWORD='1234'
COMMIT
DISCONNECT
/*C3*/SET SCHEMA PUBLIC
DELETE FROM USERDETAILS WHERE SL_NO=9 AND FIRSTNAME='Tutun' AND LASTNAME='Mondal' AND EMAIL='fjw!@lknlkwfk' AND PASSWORD='1234'
COMMIT
/*C41*/SET SCHEMA PUBLIC
DISCONNECT
/*C42*/SET SCHEMA PUBLIC
DISCONNECT
/*C43*/SET SCHEMA PUBLIC
DISCONNECT
/*C44*/SET SCHEMA PUBLIC
DISCONNECT
/*C46*/SET SCHEMA PUBLIC
DELETE FROM USERDETAILS WHERE SL_NO=1 AND FIRSTNAME='Arunabha' AND LASTNAME='Mondal' AND EMAIL='arunabhamondal18@gmail.com' AND PASSWORD='Arunabha@2'
INSERT INTO USERDETAILS VALUES(1,'Arunabha','Mondal','arunabhamondal18@gmail.com','Arunabha@1')
COMMIT
/*C45*/SET SCHEMA PUBLIC
DISCONNECT
/*C46*/DISCONNECT
/*C47*/SET SCHEMA PUBLIC
DISCONNECT
/*C48*/SET SCHEMA PUBLIC
DISCONNECT
/*C50*/SET SCHEMA PUBLIC
DELETE FROM USERDETAILS WHERE SL_NO=1 AND FIRSTNAME='Arunabha' AND LASTNAME='Mondal' AND EMAIL='arunabhamondal18@gmail.com' AND PASSWORD='Arunabha@1'
INSERT INTO USERDETAILS VALUES(1,'Arunabha','Mondal','arunabhamondal18@gmail.com','Arunabha@2')
COMMIT
/*C49*/SET SCHEMA PUBLIC
DISCONNECT
/*C50*/DISCONNECT
/*C51*/SET SCHEMA PUBLIC
DISCONNECT
/*C53*/SET SCHEMA PUBLIC
DISCONNECT
/*C54*/SET SCHEMA PUBLIC
DELETE FROM USERDETAILS WHERE SL_NO=1 AND FIRSTNAME='Arunabha' AND LASTNAME='Mondal' AND EMAIL='arunabhamondal18@gmail.com' AND PASSWORD='Arunabha@2'
COMMIT
DISCONNECT
/*C56*/SET SCHEMA PUBLIC
INSERT INTO USERDETAILS VALUES(10,'Arunabha','Mondal','arunabhamondal18@gmail.com','1234')
COMMIT
DISCONNECT
/*C57*/SET SCHEMA PUBLIC
DISCONNECT
/*C58*/SET SCHEMA PUBLIC
DISCONNECT
/*C59*/SET SCHEMA PUBLIC
DISCONNECT
/*C52*/SET SCHEMA PUBLIC
DISCONNECT
/*C61*/SET SCHEMA PUBLIC
DISCONNECT
/*C55*/SET SCHEMA PUBLIC
DISCONNECT
/*C60*/SET SCHEMA PUBLIC
DISCONNECT
/*C62*/SET SCHEMA PUBLIC
DISCONNECT
/*C63*/SET SCHEMA PUBLIC
DISCONNECT
/*C64*/SET SCHEMA PUBLIC
DISCONNECT
/*C65*/SET SCHEMA PUBLIC
DISCONNECT
/*C66*/SET SCHEMA PUBLIC
DISCONNECT
/*C67*/SET SCHEMA PUBLIC
DISCONNECT
/*C68*/SET SCHEMA PUBLIC
DISCONNECT
/*C69*/SET SCHEMA PUBLIC
DISCONNECT
/*C71*/SET SCHEMA PUBLIC
INSERT INTO USERDETAILS VALUES(11,'Sohan','Mondal','sohanmondal1@gmail.com','Sohan@1')
COMMIT
DISCONNECT
/*C72*/SET SCHEMA PUBLIC
DISCONNECT
/*C70*/SET SCHEMA PUBLIC
DISCONNECT
/*C73*/SET SCHEMA PUBLIC
DISCONNECT
/*C74*/SET SCHEMA PUBLIC
DISCONNECT
/*C75*/SET SCHEMA PUBLIC
DISCONNECT
/*C76*/SET SCHEMA PUBLIC
DISCONNECT
/*C77*/SET SCHEMA PUBLIC
DISCONNECT
/*C78*/SET SCHEMA PUBLIC
DISCONNECT
/*C79*/SET SCHEMA PUBLIC
DISCONNECT
/*C80*/SET SCHEMA PUBLIC
DISCONNECT
